# JRE version: OpenJDK Runtime Environment (8.0_242-b01) (build 1.8.0_242-release-1644-b01)
# Java VM: OpenJDK 64-Bit Server VM (25.242-b01 mixed mode windows-amd64 compressed oops)
Heap:
 PSYoungGen      total 644608K, used 65596K [0x00000000d5580000, 0x00000000ffd80000, 0x0000000100000000)
  eden space 594432K, 11% used [0x00000000d5580000,0x00000000d958f228,0x00000000f9a00000)
  from space 50176K, 0% used [0x00000000fcb00000,0x00000000fcb00000,0x00000000ffc00000)
  to   space 50176K, 0% used [0x00000000f9a00000,0x00000000f9a00000,0x00000000fcb00000)
 ParOldGen       total 303616K, used 143476K [0x0000000080000000, 0x0000000092880000, 0x00000000d5580000)
  object space 303616K, 47% used [0x0000000080000000,0x0000000088c1d190,0x0000000092880000)
 Metaspace       used 192057K, capacity 201518K, committed 224512K, reserved 1243136K
  class space    used 24464K, capacity 26313K, committed 30516K, reserved 1048576K
GC Heap History (10 events):
Event: 27580.748 GC heap before
{Heap before GC invocations=52 (full 5):
 PSYoungGen      total 636416K, used 609941K [0x00000000d5580000, 0x00000000ffa80000, 0x0000000100000000)
  eden space 584704K, 100% used [0x00000000d5580000,0x00000000f9080000,0x00000000f9080000)
  from space 51712K, 48% used [0x00000000fc800000,0x00000000fe0a54c8,0x00000000ffa80000)
  to   space 54272K, 0% used [0x00000000f9080000,0x00000000f9080000,0x00000000fc580000)
 ParOldGen       total 220160K, used 157927K [0x0000000080000000, 0x000000008d700000, 0x00000000d5580000)
  object space 220160K, 71% used [0x0000000080000000,0x0000000089a39d10,0x000000008d700000)
 Metaspace       used 218043K, capacity 229982K, committed 230144K, reserved 1249280K
  class space    used 28137K, capacity 30455K, committed 30516K, reserved 1048576K
Event: 27580.823 GC heap after
Heap after GC invocations=52 (full 5):
 PSYoungGen      total 638976K, used 23378K [0x00000000d5580000, 0x00000000ffd80000, 0x0000000100000000)
  eden space 584704K, 0% used [0x00000000d5580000,0x00000000d5580000,0x00000000f9080000)
  from space 54272K, 43% used [0x00000000f9080000,0x00000000fa7548a0,0x00000000fc580000)
  to   space 51712K, 0% used [0x00000000fcb00000,0x00000000fcb00000,0x00000000ffd80000)
 ParOldGen       total 220160K, used 171317K [0x0000000080000000, 0x000000008d700000, 0x00000000d5580000)
  object space 220160K, 77% used [0x0000000080000000,0x000000008a74d5a0,0x000000008d700000)
 Metaspace       used 218043K, capacity 229982K, committed 230144K, reserved 1249280K
  class space    used 28137K, capacity 30455K, committed 30516K, reserved 1048576K
}
Event: 27582.947 GC heap before
{Heap before GC invocations=53 (full 5):
 PSYoungGen      total 638976K, used 608082K [0x00000000d5580000, 0x00000000ffd80000, 0x0000000100000000)
  eden space 584704K, 100% used [0x00000000d5580000,0x00000000f9080000,0x00000000f9080000)
  from space 54272K, 43% used [0x00000000f9080000,0x00000000fa7548a0,0x00000000fc580000)
  to   space 51712K, 0% used [0x00000000fcb00000,0x00000000fcb00000,0x00000000ffd80000)
 ParOldGen       total 220160K, used 171317K [0x0000000080000000, 0x000000008d700000, 0x00000000d5580000)
  object space 220160K, 77% used [0x0000000080000000,0x000000008a74d5a0,0x000000008d700000)
 Metaspace       used 218187K, capacity 230184K, committed 230400K, reserved 1249280K
  class space    used 28161K, capacity 30496K, committed 30516K, reserved 1048576K
Event: 27583.007 GC heap after
Heap after GC invocations=53 (full 5):
 PSYoungGen      total 643584K, used 4320K [0x00000000d5580000, 0x00000000fff80000, 0x0000000100000000)
  eden space 591872K, 0% used [0x00000000d5580000,0x00000000d5580000,0x00000000f9780000)
  from space 51712K, 8% used [0x00000000fcb00000,0x00000000fcf38000,0x00000000ffd80000)
  to   space 52736K, 0% used [0x00000000f9780000,0x00000000f9780000,0x00000000fcb00000)
 ParOldGen       total 220160K, used 188615K [0x0000000080000000, 0x000000008d700000, 0x00000000d5580000)
  object space 220160K, 85% used [0x0000000080000000,0x000000008b831dd0,0x000000008d700000)
 Metaspace       used 218187K, capacity 230184K, committed 230400K, reserved 1249280K
  class space    used 28161K, capacity 30496K, committed 30516K, reserved 1048576K
}
Event: 27585.536 GC heap before
{Heap before GC invocations=54 (full 5):
 PSYoungGen      total 643584K, used 596192K [0x00000000d5580000, 0x00000000fff80000, 0x0000000100000000)
  eden space 591872K, 100% used [0x00000000d5580000,0x00000000f9780000,0x00000000f9780000)
  from space 51712K, 8% used [0x00000000fcb00000,0x00000000fcf38000,0x00000000ffd80000)
  to   space 52736K, 0% used [0x00000000f9780000,0x00000000f9780000,0x00000000fcb00000)
 ParOldGen       total 220160K, used 188615K [0x0000000080000000, 0x000000008d700000, 0x00000000d5580000)
  object space 220160K, 85% used [0x0000000080000000,0x000000008b831dd0,0x000000008d700000)
 Metaspace       used 218431K, capacity 230394K, committed 230656K, reserved 1249280K
  class space    used 28163K, capacity 30497K, committed 30516K, reserved 1048576K
Event: 27585.574 GC heap after
Heap after GC invocations=54 (full 5):
 PSYoungGen      total 644608K, used 21672K [0x00000000d5580000, 0x00000000ffc00000, 0x0000000100000000)
  eden space 591872K, 0% used [0x00000000d5580000,0x00000000d5580000,0x00000000f9780000)
  from space 52736K, 41% used [0x00000000f9780000,0x00000000facaa150,0x00000000fcb00000)
  to   space 50176K, 0% used [0x00000000fcb00000,0x00000000fcb00000,0x00000000ffc00000)
 ParOldGen       total 220160K, used 190527K [0x0000000080000000, 0x000000008d700000, 0x00000000d5580000)
  object space 220160K, 86% used [0x0000000080000000,0x000000008ba0fe10,0x000000008d700000)
 Metaspace       used 218431K, capacity 230394K, committed 230656K, reserved 1249280K
  class space    used 28163K, capacity 30497K, committed 30516K, reserved 1048576K
}
Event: 27588.526 GC heap before
{Heap before GC invocations=55 (full 5):
 PSYoungGen      total 644608K, used 613544K [0x00000000d5580000, 0x00000000ffc00000, 0x0000000100000000)
  eden space 591872K, 100% used [0x00000000d5580000,0x00000000f9780000,0x00000000f9780000)
  from space 52736K, 41% used [0x00000000f9780000,0x00000000facaa150,0x00000000fcb00000)
  to   space 50176K, 0% used [0x00000000fcb00000,0x00000000fcb00000,0x00000000ffc00000)
 ParOldGen       total 220160K, used 190527K [0x0000000080000000, 0x000000008d700000, 0x00000000d5580000)
  object space 220160K, 86% used [0x0000000080000000,0x000000008ba0fe10,0x000000008d700000)
 Metaspace       used 218507K, capacity 230470K, committed 230656K, reserved 1249280K
  class space    used 28163K, capacity 30497K, committed 30516K, reserved 1048576K
Event: 27588.587 GC heap after
Heap after GC invocations=55 (full 5):
 PSYoungGen      total 644608K, used 5632K [0x00000000d5580000, 0x00000000ffd80000, 0x0000000100000000)
  eden space 594432K, 0% used [0x00000000d5580000,0x00000000d5580000,0x00000000f9a00000)
  from space 50176K, 11% used [0x00000000fcb00000,0x00000000fd080000,0x00000000ffc00000)
  to   space 50176K, 0% used [0x00000000f9a00000,0x00000000f9a00000,0x00000000fcb00000)
 ParOldGen       total 220160K, used 208356K [0x0000000080000000, 0x000000008d700000, 0x00000000d5580000)
  object space 220160K, 94% used [0x0000000080000000,0x000000008cb79320,0x000000008d700000)
 Metaspace       used 218507K, capacity 230470K, committed 230656K, reserved 1249280K
  class space    used 28163K, capacity 30497K, committed 30516K, reserved 1048576K
}
Event: 27588.587 GC heap before
{Heap before GC invocations=56 (full 6):
 PSYoungGen      total 644608K, used 5632K [0x00000000d5580000, 0x00000000ffd80000, 0x0000000100000000)
  eden space 594432K, 0% used [0x00000000d5580000,0x00000000d5580000,0x00000000f9a00000)
  from space 50176K, 11% used [0x00000000fcb00000,0x00000000fd080000,0x00000000ffc00000)
  to   space 50176K, 0% used [0x00000000f9a00000,0x00000000f9a00000,0x00000000fcb00000)
 ParOldGen       total 220160K, used 208356K [0x0000000080000000, 0x000000008d700000, 0x00000000d5580000)
  object space 220160K, 94% used [0x0000000080000000,0x000000008cb79320,0x000000008d700000)
 Metaspace       used 218507K, capacity 230470K, committed 230656K, reserved 1249280K
  class space    used 28163K, capacity 30497K, committed 30516K, reserved 1048576K
Event: 27591.816 GC heap after
Heap after GC invocations=56 (full 6):
 PSYoungGen      total 644608K, used 0K [0x00000000d5580000, 0x00000000ffd80000, 0x0000000100000000)
  eden space 594432K, 0% used [0x00000000d5580000,0x00000000d5580000,0x00000000f9a00000)
  from space 50176K, 0% used [0x00000000fcb00000,0x00000000fcb00000,0x00000000ffc00000)
  to   space 50176K, 0% used [0x00000000f9a00000,0x00000000f9a00000,0x00000000fcb00000)
 ParOldGen       total 303616K, used 143476K [0x0000000080000000, 0x0000000092880000, 0x00000000d5580000)
  object space 303616K, 47% used [0x0000000080000000,0x0000000088c1d190,0x0000000092880000)
 Metaspace       used 192057K, capacity 201518K, committed 224512K, reserved 1243136K
  class space    used 24464K, capacity 26313K, committed 30516K, reserved 1048576K
}

